# JRE version: OpenJDK Runtime Environment (11.0.10) (build 11.0.10+0-b96-7249189)
# Java VM: OpenJDK 64-Bit Server VM (11.0.10+0-b96-7249189, mixed mode, tiered, compressed oops, g1 gc, windows-amd64)
Heap:
 garbage-first heap   total 57344K, used 25545K [0x00000000c8800000, 0x0000000100000000)
  region size 1024K, 16 young (16384K), 1 survivors (1024K)
 Metaspace       used 22344K, capacity 22733K, committed 22912K, reserved 1069056K
  class space    used 2488K, capacity 2636K, committed 2688K, reserved 1048576K
GC Heap History (20 events):
Event: 119.602 GC heap before
{Heap before GC invocations=14 (full 0):
 garbage-first heap   total 57344K, used 38243K [0x00000000c8800000, 0x0000000100000000)
  region size 1024K, 33 young (33792K), 1 survivors (1024K)
 Metaspace       used 14984K, capacity 15210K, committed 15488K, reserved 1062912K
  class space    used 1494K, capacity 1570K, committed 1664K, reserved 1048576K
}
Event: 119.605 GC heap after
{Heap after GC invocations=15 (full 0):
 garbage-first heap   total 57344K, used 5458K [0x00000000c8800000, 0x0000000100000000)
  region size 1024K, 1 young (1024K), 1 survivors (1024K)
 Metaspace       used 14984K, capacity 15210K, committed 15488K, reserved 1062912K
  class space    used 1494K, capacity 1570K, committed 1664K, reserved 1048576K
}
Event: 123.378 GC heap before
{Heap before GC invocations=15 (full 0):
 garbage-first heap   total 57344K, used 38226K [0x00000000c8800000, 0x0000000100000000)
  region size 1024K, 33 young (33792K), 1 survivors (1024K)
 Metaspace       used 14984K, capacity 15210K, committed 15488K, reserved 1062912K
  class space    used 1494K, capacity 1570K, committed 1664K, reserved 1048576K
}
Event: 123.381 GC heap after
{Heap after GC invocations=16 (full 0):
 garbage-first heap   total 57344K, used 5494K [0x00000000c8800000, 0x0000000100000000)
  region size 1024K, 1 young (1024K), 1 survivors (1024K)
 Metaspace       used 14984K, capacity 15210K, committed 15488K, reserved 1062912K
  class space    used 1494K, capacity 1570K, committed 1664K, reserved 1048576K
}
Event: 127.869 GC heap before
{Heap before GC invocations=16 (full 0):
 garbage-first heap   total 57344K, used 38262K [0x00000000c8800000, 0x0000000100000000)
  region size 1024K, 33 young (33792K), 1 survivors (1024K)
 Metaspace       used 14984K, capacity 15210K, committed 15488K, reserved 1062912K
  class space    used 1494K, capacity 1570K, committed 1664K, reserved 1048576K
}
Event: 127.872 GC heap after
{Heap after GC invocations=17 (full 0):
 garbage-first heap   total 57344K, used 5466K [0x00000000c8800000, 0x0000000100000000)
  region size 1024K, 1 young (1024K), 1 survivors (1024K)
 Metaspace       used 14984K, capacity 15210K, committed 15488K, reserved 1062912K
  class space    used 1494K, capacity 1570K, committed 1664K, reserved 1048576K
}
Event: 134.564 GC heap before
{Heap before GC invocations=17 (full 0):
 garbage-first heap   total 57344K, used 44378K [0x00000000c8800000, 0x0000000100000000)
  region size 1024K, 33 young (33792K), 1 survivors (1024K)
 Metaspace       used 19377K, capacity 19779K, committed 19968K, reserved 1067008K
  class space    used 2163K, capacity 2289K, committed 2304K, reserved 1048576K
}
Event: 134.883 GC heap after
{Heap after GC invocations=18 (full 0):
 garbage-first heap   total 57344K, used 11032K [0x00000000c8800000, 0x0000000100000000)
  region size 1024K, 5 young (5120K), 5 survivors (5120K)
 Metaspace       used 19377K, capacity 19779K, committed 19968K, reserved 1067008K
  class space    used 2163K, capacity 2289K, committed 2304K, reserved 1048576K
}
Event: 137.267 GC heap before
{Heap before GC invocations=18 (full 0):
 garbage-first heap   total 57344K, used 19224K [0x00000000c8800000, 0x0000000100000000)
  region size 1024K, 14 young (14336K), 5 survivors (5120K)
 Metaspace       used 20781K, capacity 21160K, committed 21248K, reserved 1069056K
  class space    used 2357K, capacity 2515K, committed 2560K, reserved 1048576K
}
Event: 137.281 GC heap after
{Heap after GC invocations=19 (full 0):
 garbage-first heap   total 57344K, used 11871K [0x00000000c8800000, 0x0000000100000000)
  region size 1024K, 1 young (1024K), 1 survivors (1024K)
 Metaspace       used 20781K, capacity 21160K, committed 21248K, reserved 1069056K
  class space    used 2357K, capacity 2515K, committed 2560K, reserved 1048576K
}
Event: 203.433 GC heap before
{Heap before GC invocations=20 (full 0):
 garbage-first heap   total 57344K, used 36447K [0x00000000c8800000, 0x0000000100000000)
  region size 1024K, 25 young (25600K), 1 survivors (1024K)
 Metaspace       used 22146K, capacity 22535K, committed 22656K, reserved 1069056K
  class space    used 2487K, capacity 2635K, committed 2688K, reserved 1048576K
}
Event: 203.436 GC heap after
{Heap after GC invocations=21 (full 0):
 garbage-first heap   total 57344K, used 12123K [0x00000000c8800000, 0x0000000100000000)
  region size 1024K, 1 young (1024K), 1 survivors (1024K)
 Metaspace       used 22146K, capacity 22535K, committed 22656K, reserved 1069056K
  class space    used 2487K, capacity 2635K, committed 2688K, reserved 1048576K
}
Event: 276.878 GC heap before
{Heap before GC invocations=21 (full 0):
 garbage-first heap   total 57344K, used 37723K [0x00000000c8800000, 0x0000000100000000)
  region size 1024K, 26 young (26624K), 1 survivors (1024K)
 Metaspace       used 22203K, capacity 22605K, committed 22912K, reserved 1069056K
  class space    used 2488K, capacity 2636K, committed 2688K, reserved 1048576K
}
Event: 276.884 GC heap after
{Heap after GC invocations=22 (full 0):
 garbage-first heap   total 57344K, used 12099K [0x00000000c8800000, 0x0000000100000000)
  region size 1024K, 1 young (1024K), 1 survivors (1024K)
 Metaspace       used 22203K, capacity 22605K, committed 22912K, reserved 1069056K
  class space    used 2488K, capacity 2636K, committed 2688K, reserved 1048576K
}
Event: 340.582 GC heap before
{Heap before GC invocations=22 (full 0):
 garbage-first heap   total 57344K, used 38723K [0x00000000c8800000, 0x0000000100000000)
  region size 1024K, 27 young (27648K), 1 survivors (1024K)
 Metaspace       used 22237K, capacity 22605K, committed 22912K, reserved 1069056K
  class space    used 2488K, capacity 2636K, committed 2688K, reserved 1048576K
}
Event: 340.588 GC heap after
{Heap after GC invocations=23 (full 0):
 garbage-first heap   total 57344K, used 12179K [0x00000000c8800000, 0x0000000100000000)
  region size 1024K, 1 young (1024K), 1 survivors (1024K)
 Metaspace       used 22237K, capacity 22605K, committed 22912K, reserved 1069056K
  class space    used 2488K, capacity 2636K, committed 2688K, reserved 1048576K
}
Event: 408.526 GC heap before
{Heap before GC invocations=23 (full 0):
 garbage-first heap   total 57344K, used 39827K [0x00000000c8800000, 0x0000000100000000)
  region size 1024K, 28 young (28672K), 1 survivors (1024K)
 Metaspace       used 22288K, capacity 22669K, committed 22912K, reserved 1069056K
  class space    used 2488K, capacity 2636K, committed 2688K, reserved 1048576K
}
Event: 408.533 GC heap after
{Heap after GC invocations=24 (full 0):
 garbage-first heap   total 57344K, used 12212K [0x00000000c8800000, 0x0000000100000000)
  region size 1024K, 1 young (1024K), 1 survivors (1024K)
 Metaspace       used 22288K, capacity 22669K, committed 22912K, reserved 1069056K
  class space    used 2488K, capacity 2636K, committed 2688K, reserved 1048576K
}
Event: 476.021 GC heap before
{Heap before GC invocations=24 (full 0):
 garbage-first heap   total 57344K, used 40884K [0x00000000c8800000, 0x0000000100000000)
  region size 1024K, 29 young (29696K), 1 survivors (1024K)
 Metaspace       used 22311K, capacity 22669K, committed 22912K, reserved 1069056K
  class space    used 2488K, capacity 2636K, committed 2688K, reserved 1048576K
}
Event: 476.028 GC heap after
{Heap after GC invocations=25 (full 0):
 garbage-first heap   total 57344K, used 12233K [0x00000000c8800000, 0x0000000100000000)
  region size 1024K, 1 young (1024K), 1 survivors (1024K)
 Metaspace       used 22311K, capacity 22669K, committed 22912K, reserved 1069056K
  class space    used 2488K, capacity 2636K, committed 2688K, reserved 1048576K
}

